\BOOKMARK [0][-]{Doc-Start}{Danksagung}{}% 1
\BOOKMARK [0][-]{section*.1}{Verzeichnis der Abk\374rzungen}{}% 2
\BOOKMARK [0][-]{chapter.1}{Introduction}{}% 3
\BOOKMARK [1][-]{section.1.1}{Firstsection}{chapter.1}% 4
\BOOKMARK [2][-]{subsection.1.1.1}{Subsection}{section.1.1}% 5
\BOOKMARK [1][-]{section.1.2}{Section}{chapter.1}% 6
\BOOKMARK [0][-]{chapter.2}{Einleitung}{}% 7
\BOOKMARK [0][-]{chapter.3}{Material \046 Methoden}{}% 8
\BOOKMARK [1][-]{section.3.1}{Plasmide}{chapter.3}% 9
\BOOKMARK [1][-]{section.3.2}{Bakterien}{chapter.3}% 10
\BOOKMARK [1][-]{section.3.3}{Zelllinien}{chapter.3}% 11
\BOOKMARK [1][-]{section.3.4}{Chemicals \046 Reagents}{chapter.3}% 12
\BOOKMARK [1][-]{section.3.5}{Enzyme}{chapter.3}% 13
\BOOKMARK [1][-]{section.3.6}{Oligonukleotidprimer}{chapter.3}% 14
\BOOKMARK [1][-]{section.3.7}{Pharmaka}{chapter.3}% 15
\BOOKMARK [0][-]{chapter.4}{Ergebnisse}{}% 16
\BOOKMARK [0][-]{chapter.5}{Diskussion}{}% 17
\BOOKMARK [0][-]{chapter.6}{Zusammenfassung}{}% 18
\BOOKMARK [0][-]{appendix*.9}{Abbildungsverzeichnis}{}% 19
\BOOKMARK [0][-]{appendix*.10}{Tabellenverzeichnis}{}% 20
