\BOOKMARK [0][-]{Doc-Start}{Danksagung}{}% 1
\BOOKMARK [0][-]{section*.1}{Verzeichnis der Abk\374rzungen}{}% 2
\BOOKMARK [0][-]{chapter.1}{Introduction}{}% 3
\BOOKMARK [1][-]{section.1.1}{Firstsection}{chapter.1}% 4
\BOOKMARK [2][-]{subsection.1.1.1}{Subsection}{section.1.1}% 5
\BOOKMARK [1][-]{section.1.2}{Section}{chapter.1}% 6
\BOOKMARK [0][-]{chapter.2}{Einleitung}{}% 7
\BOOKMARK [0][-]{chapter.3}{Material \046 Methoden}{}% 8
\BOOKMARK [1][-]{section.3.1}{Plasmide}{chapter.3}% 9
\BOOKMARK [1][-]{section.3.2}{Bakterien}{chapter.3}% 10
\BOOKMARK [1][-]{section.3.3}{Zelllinien \046 Zellkultur}{chapter.3}% 11
\BOOKMARK [1][-]{section.3.4}{Chemikalien \046 Reagenzien}{chapter.3}% 12
\BOOKMARK [1][-]{section.3.5}{Enzyme}{chapter.3}% 13
\BOOKMARK [1][-]{section.3.6}{Oligonukleotidprimer}{chapter.3}% 14
\BOOKMARK [1][-]{section.3.7}{Pharmaka}{chapter.3}% 15
\BOOKMARK [1][-]{section.3.8}{Molekularbiologische Methoden}{chapter.3}% 16
\BOOKMARK [2][-]{subsection.3.8.1}{DNA-Amplifikation mittels Polymerasekettenreaktion \(PCR\)}{section.3.8}% 17
\BOOKMARK [2][-]{subsection.3.8.2}{Agarose\205Gelelektrophorese}{section.3.8}% 18
\BOOKMARK [2][-]{subsection.3.8.3}{Extraktion von DNA aus Agarosegelen}{section.3.8}% 19
\BOOKMARK [2][-]{subsection.3.8.4}{Restriktionsenzymverdau von PCR\205Produkten und Plasmid\205DNA}{section.3.8}% 20
\BOOKMARK [2][-]{subsection.3.8.5}{Ligation von DNA\205Fragmenten}{section.3.8}% 21
\BOOKMARK [2][-]{subsection.3.8.6}{Messung der DNA\205Konzentrationen}{section.3.8}% 22
\BOOKMARK [2][-]{subsection.3.8.7}{DNA-Sequenzierung}{section.3.8}% 23
\BOOKMARK [0][-]{chapter.4}{Ergebnisse}{}% 24
\BOOKMARK [0][-]{chapter.5}{Diskussion}{}% 25
\BOOKMARK [0][-]{chapter.6}{Zusammenfassung}{}% 26
\BOOKMARK [0][-]{appendix*.12}{Abbildungsverzeichnis}{}% 27
\BOOKMARK [0][-]{appendix*.13}{Tabellenverzeichnis}{}% 28
\BOOKMARK [0][-]{appendix*.14}{Literatur}{}% 29
